f:\code\c++\openborders\openborders\debug\vc141.pdb
f:\code\c++\openborders\openborders\debug\vc141.idb
f:\code\c++\openborders\openborders\debug\frame.nativecodeanalysis.xml
f:\code\c++\openborders\openborders\debug\main.nativecodeanalysis.xml
f:\code\c++\openborders\openborders\debug\sprite.nativecodeanalysis.xml
f:\code\c++\openborders\openborders\debug\spritesheet.nativecodeanalysis.xml
f:\code\c++\openborders\openborders\debug\spritesheet.obj
f:\code\c++\openborders\openborders\debug\sprite.obj
f:\code\c++\openborders\openborders\debug\main.obj
f:\code\c++\openborders\openborders\debug\frame.obj
f:\code\c++\openborders\openborders\debug\application.obj
f:\code\c++\openborders\openborders\debug\nativecodeanalysis.read.1.tlog
f:\code\c++\openborders\openborders\debug\vc.nativecodeanalysis.all.xml
f:\code\c++\openborders\debug\openborders.pdb
f:\code\c++\openborders\debug\openborders.exe.lastcodeanalysissucceeded
f:\code\c++\openborders\openborders\debug\openborders.tlog\cl.command.1.tlog
f:\code\c++\openborders\openborders\debug\openborders.tlog\cl.read.1.tlog
f:\code\c++\openborders\openborders\debug\openborders.tlog\cl.write.1.tlog
f:\code\c++\openborders\openborders\debug\openborders.tlog\link-cvtres.read.1.tlog
f:\code\c++\openborders\openborders\debug\openborders.tlog\link-cvtres.write.1.tlog
f:\code\c++\openborders\openborders\debug\openborders.tlog\link-rc.read.1.tlog
f:\code\c++\openborders\openborders\debug\openborders.tlog\link-rc.write.1.tlog
f:\code\c++\openborders\openborders\debug\openborders.tlog\link.10300-cvtres.read.1.tlog
f:\code\c++\openborders\openborders\debug\openborders.tlog\link.10300-cvtres.write.1.tlog
f:\code\c++\openborders\openborders\debug\openborders.tlog\link.10300-rc.read.1.tlog
f:\code\c++\openborders\openborders\debug\openborders.tlog\link.10300-rc.write.1.tlog
f:\code\c++\openborders\openborders\debug\openborders.tlog\link.10300.read.1.tlog
f:\code\c++\openborders\openborders\debug\openborders.tlog\link.10300.write.1.tlog
f:\code\c++\openborders\openborders\debug\openborders.tlog\link.command.1.tlog
f:\code\c++\openborders\openborders\debug\openborders.tlog\link.delete.1.tlog
f:\code\c++\openborders\openborders\debug\openborders.tlog\link.read.1.tlog
f:\code\c++\openborders\openborders\debug\openborders.tlog\link.write.1.tlog
